[18:17:23] [main/INFO]: Environment: authHost='https://authserver.mojang.com', accountsHost='https://api.mojang.com', sessionHost='https://sessionserver.mojang.com', servicesHost='https://api.minecraftservices.com', name='PROD'
[18:17:23] [main/INFO]: Found new data pack file/bukkit, loading it automatically
[18:17:23] [main/INFO]: Reloading ResourceManager: Default, bukkit
[18:17:24] [Worker-Main-1/INFO]: Loaded 7 recipes
[18:17:25] [Server thread/INFO]: Starting minecraft server version 1.17.1
[18:17:25] [Server thread/INFO]: Loading properties
[18:17:25] [Server thread/INFO]: This server is running Paper version git-Paper-411 (MC: 1.17.1) (Implementing API version 1.17.1-R0.1-SNAPSHOT) (Git: 6625db3 on ver/1.17.1)
[18:17:25] [Server thread/INFO]: Server Ping Player Sample Count: 12
[18:17:25] [Server thread/INFO]: Using 4 threads for Netty based IO
[18:17:25] [Server thread/INFO]: Default game type: SURVIVAL
[18:17:25] [Server thread/INFO]: Generating keypair
[18:17:25] [Server thread/INFO]: Starting Minecraft server on *:25565
[18:17:25] [Server thread/INFO]: Using epoll channel type
[18:17:25] [Server thread/INFO]: Paper: Using libdeflate (Linux x86_64) compression from Velocity.
[18:17:25] [Server thread/INFO]: Paper: Using OpenSSL 1.1.x (Linux x86_64) cipher from Velocity.
[18:17:25] [Server thread/WARN]: **** SERVER IS RUNNING IN OFFLINE/INSECURE MODE!
[18:17:25] [Server thread/WARN]: The server will make no attempt to authenticate usernames. Beware.
[18:17:25] [Server thread/WARN]: While this makes the game possible to play without internet access, it also opens up the ability for hackers to connect with any username they choose.
[18:17:25] [Server thread/WARN]: To change this, set "online-mode" to "true" in the server.properties file.
[18:17:25] [Server thread/INFO]: Preparing level "world"
[18:17:28] [Server thread/WARN]: Unable to find spawn biome
[18:17:29] [Server thread/WARN]: Unable to find spawn biome
[18:17:29] [Server thread/INFO]: Preparing start region for dimension minecraft:overworld
[18:17:29] [Worker-Main-1/INFO]: Preparing spawn area: 0%
[18:17:29] [Worker-Main-1/INFO]: Preparing spawn area: 0%
[18:17:29] [Server thread/INFO]: Time elapsed: 643 ms
[18:17:29] [Server thread/INFO]: Preparing start region for dimension minecraft:the_nether
[18:17:30] [Server thread/INFO]: Time elapsed: 262 ms
[18:17:30] [Server thread/INFO]: Preparing start region for dimension minecraft:the_end
[18:17:30] [Server thread/INFO]: Time elapsed: 213 ms
[18:17:30] [Server thread/INFO]: Running delayed init tasks
[18:17:30] [Server thread/INFO]: Done (5.328s)! For help, type "help"
[18:17:30] [Server thread/INFO]: Timings Reset
[18:18:12] [Server thread/INFO]: Unknown command. Type "/help" for help.
[18:18:18] [Server thread/INFO]: Unknown command. Type "/help" for help.
[18:18:24] [Server thread/INFO]: Unknown command. Type "/help" for help.
[18:22:17] [User Authenticator #1/INFO]: UUID of player thetryhards is fba03bf1-e980-33f0-916d-92c5998b8933
[18:22:17] [Server thread/INFO]: thetryhards joined the game
[18:22:17] [Server thread/INFO]: thetryhards[/127.79.165.94:39601] logged in with entity id 489 at ([world]-42.5, 64.0, -259.5)
[18:23:50] [Server thread/INFO]: thetryhards lost connection: Disconnected
[18:23:50] [Server thread/INFO]: thetryhards left the game
